0 info it worked if it ends with ok
1 verbose cli [ '/home/ubuntu/.nvm/versions/node/v6.11.2/bin/node',
1 verbose cli   '/home/ubuntu/.nvm/versions/node/v6.11.2/bin/npm',
1 verbose cli   'publish' ]
2 info using npm@3.10.10
3 info using node@v6.11.2
4 verbose publish [ '.' ]
5 silly cache add args [ '.', null ]
6 verbose cache add spec .
7 silly cache add parsed spec Result {
7 silly cache add   raw: '.',
7 silly cache add   scope: null,
7 silly cache add   escapedName: null,
7 silly cache add   name: null,
7 silly cache add   rawSpec: '.',
7 silly cache add   spec: '/home/ubuntu/workspace',
7 silly cache add   type: 'directory' }
8 verbose addLocalDirectory /home/ubuntu/.npm/drag-tracker/0.4.3/package.tgz not in flight; packing
9 verbose correctMkdir /home/ubuntu/.npm correctMkdir not in flight; initializing
10 info lifecycle drag-tracker@0.4.3~prepublish: drag-tracker@0.4.3
11 verbose lifecycle drag-tracker@0.4.3~prepublish: unsafe-perm in lifecycle true
12 verbose lifecycle drag-tracker@0.4.3~prepublish: PATH: /home/ubuntu/.nvm/versions/node/v6.11.2/lib/node_modules/npm/bin/node-gyp-bin:/home/ubuntu/workspace/node_modules/.bin:/home/ubuntu/.nvm/versions/node/v6.11.2/bin:/usr/local/rvm/gems/ruby-2.4.0/bin:/usr/local/rvm/gems/ruby-2.4.0@global/bin:/usr/local/rvm/rubies/ruby-2.4.0/bin:/mnt/shared/bin:/home/ubuntu/workspace/node_modules/.bin:/home/ubuntu/bin:/usr/local/sbin:/usr/local/bin:/usr/sbin:/usr/bin:/sbin:/bin:/mnt/shared/sbin:/opt/gitl:/opt/go/bin:/mnt/shared/c9/app.nw/bin:/usr/local/rvm/bin
13 verbose lifecycle drag-tracker@0.4.3~prepublish: CWD: /home/ubuntu/workspace
14 silly lifecycle drag-tracker@0.4.3~prepublish: Args: [ '-c', 'bash ./scripts/prepub.sh' ]
15 silly lifecycle drag-tracker@0.4.3~prepublish: Returned: code: 0  signal: null
16 verbose tar pack [ '/home/ubuntu/.npm/drag-tracker/0.4.3/package.tgz',
16 verbose tar pack   '/home/ubuntu/workspace' ]
17 verbose tarball /home/ubuntu/.npm/drag-tracker/0.4.3/package.tgz
18 verbose folder /home/ubuntu/workspace
19 verbose addLocalTarball adding from inside cache /home/ubuntu/.npm/drag-tracker/0.4.3/package.tgz
20 verbose correctMkdir /home/ubuntu/.npm correctMkdir not in flight; initializing
21 silly cache afterAdd drag-tracker@0.4.3
22 verbose afterAdd /home/ubuntu/.npm/drag-tracker/0.4.3/package/package.json not in flight; writing
23 verbose correctMkdir /home/ubuntu/.npm correctMkdir not in flight; initializing
24 verbose afterAdd /home/ubuntu/.npm/drag-tracker/0.4.3/package/package.json written
25 silly publish { name: 'drag-tracker',
25 silly publish   version: '0.4.3',
25 silly publish   description: 'A simple library for dragging things around. Tracks dragging with touch or mouse.',
25 silly publish   main: 'dist/drag-tracker.js',
25 silly publish   module: 'src/drag-tracker.js',
25 silly publish   files: [ 'src/', 'dist/' ],
25 silly publish   scripts:
25 silly publish    { prepublish: 'bash ./scripts/prepub.sh',
25 silly publish      postpublish: 'bash ./scripts/postpub.sh',
25 silly publish      test: 'echo "Error: no test specified" && exit 1' },
25 silly publish   repository:
25 silly publish    { type: 'git',
25 silly publish      url: 'git+https://github.com/Sphinxxxx/drag-tracker.git' },
25 silly publish   author: { name: 'Andreas Borgen' },
25 silly publish   license: 'MIT',
25 silly publish   bugs: { url: 'https://github.com/Sphinxxxx/drag-tracker/issues' },
25 silly publish   homepage: 'https://github.com/Sphinxxxx/drag-tracker#readme',
25 silly publish   devDependencies:
25 silly publish    { 'babel-core': '^6.26.0',
25 silly publish      'babel-preset-env': '^1.6.1',
25 silly publish      'babel-register': '^6.26.0',
25 silly publish      gulp: '^4.0.0',
25 silly publish      'gulp-file': '^0.4.0',
25 silly publish      'gulp-header': '^2.0.1',
25 silly publish      'gulp-rename': '^1.2.2',
25 silly publish      'gulp-strip-comments': '^2.5.2',
25 silly publish      'gulp-uglify': '^3.0.0',
25 silly publish      rollup: '^0.56.2',
25 silly publish      'rollup-plugin-babel': '^3.0.3' },
25 silly publish   readme: '# drag-tracker\n\nA simple library for dragging things around. Tracks dragging with touch or mouse (left button).\n\n## Demo\n\nhttps://rawgit.com/Sphinxxxx/drag-tracker/master/demo/index.html  \nhttps://codepen.io/Sphinxxxx/pen/KXedQe\n\n## Usage\n\n    dragTracker({\n      container:          /* The element the user can drag within */,\n      selector:           /* CSS selector for elements inside the container that are draggable, or a single HTML element */,\n      \n      callback:           /* Your code which decides what happens during a drag operation */,\n      callbackDragStart:  /* Optional callback when a drag operation is about to start */,\n      callbackDragEnd:    /* Optional callback when a drag operation has ended */,\n      callbackClick:      /* Optional callback when a draggable element is only clicked, not dragged */,\n      propagateEvents:    /* Whether to let mouse/touch events propagate (bubble) after being handled. Usually not wanted in case multiple handlers track the same container */,\n      \n      roundCoords:  true  /* Whether callback coordinates should be integers */,\n      dragOutside:  true  /* Whether the draggable elements can be dragged outside the bounds of the container */,\n\n      /* Whether callback coordinates should be adjusted to suit the dragged element instead of the actual mouse position */\n      handleOffset: true (default)  /* Coordinates are the element\'s center for SVG `<circle>`s and `<ellipse>`s, and the top-left corner for all other elements */,\n                    \'center\'        /* Coordinates are always the element\'s center */\n                    \'topleft\'       /* Coordinates are always the element\'s top-left corner */\n                    false           /* No adjustment, just use the mouse position */\n    });\n\nAll options are optional. Without a `callback`, the coordinates are written to `console.log`.\n',
25 silly publish   readmeFilename: 'README.md',
25 silly publish   gitHead: '724ded50a0594dfa879d8f4f4403c4801b9bcb62',
25 silly publish   _id: 'drag-tracker@0.4.3',
25 silly publish   _shasum: '5e9d99c1b1f9704d6a4c66a0954309e68f7ddb82',
25 silly publish   _from: '.' }
26 verbose getPublishConfig undefined
27 silly mapToRegistry name drag-tracker
28 silly mapToRegistry using default registry
29 silly mapToRegistry registry https://registry.npmjs.org/
30 silly mapToRegistry data Result {
30 silly mapToRegistry   raw: 'drag-tracker',
30 silly mapToRegistry   scope: null,
30 silly mapToRegistry   escapedName: 'drag-tracker',
30 silly mapToRegistry   name: 'drag-tracker',
30 silly mapToRegistry   rawSpec: '',
30 silly mapToRegistry   spec: 'latest',
30 silly mapToRegistry   type: 'tag' }
31 silly mapToRegistry uri https://registry.npmjs.org/drag-tracker
32 verbose publish registryBase https://registry.npmjs.org/
33 silly publish uploading /home/ubuntu/.npm/drag-tracker/0.4.3/package.tgz
34 verbose request uri https://registry.npmjs.org/drag-tracker
35 verbose request sending authorization for write operation
36 info attempt registry request try #1 at 3:51:52 PM
37 verbose request using bearer token for auth
38 verbose request id 6608b08012c7bbe0
39 http request PUT https://registry.npmjs.org/drag-tracker
40 http 403 https://registry.npmjs.org/drag-tracker
41 verbose headers { 'content-type': 'application/json',
41 verbose headers   'cache-control': 'max-age=300',
41 verbose headers   'content-length': '93',
41 verbose headers   'accept-ranges': 'bytes',
41 verbose headers   date: 'Thu, 05 Apr 2018 15:51:53 GMT',
41 verbose headers   via: '1.1 varnish',
41 verbose headers   connection: 'keep-alive',
41 verbose headers   'x-served-by': 'cache-cdg8725-CDG',
41 verbose headers   'x-cache': 'MISS',
41 verbose headers   'x-cache-hits': '0',
41 verbose headers   'x-timer': 'S1522943513.704951,VS0,VE397',
41 verbose headers   vary: 'Accept-Encoding, Accept' }
42 verbose request invalidating /home/ubuntu/.npm/registry.npmjs.org/drag-tracker on PUT
43 error publish Failed PUT 403
44 verbose stack Error: You cannot publish over the previously published versions: 0.4.3. : drag-tracker
44 verbose stack     at makeError (/home/ubuntu/.nvm/versions/node/v6.11.2/lib/node_modules/npm/node_modules/npm-registry-client/lib/request.js:302:12)
44 verbose stack     at CachingRegistryClient.<anonymous> (/home/ubuntu/.nvm/versions/node/v6.11.2/lib/node_modules/npm/node_modules/npm-registry-client/lib/request.js:290:14)
44 verbose stack     at Request._callback (/home/ubuntu/.nvm/versions/node/v6.11.2/lib/node_modules/npm/node_modules/npm-registry-client/lib/request.js:210:14)
44 verbose stack     at Request.self.callback (/home/ubuntu/.nvm/versions/node/v6.11.2/lib/node_modules/npm/node_modules/request/request.js:187:22)
44 verbose stack     at emitTwo (events.js:106:13)
44 verbose stack     at Request.emit (events.js:191:7)
44 verbose stack     at Request.<anonymous> (/home/ubuntu/.nvm/versions/node/v6.11.2/lib/node_modules/npm/node_modules/request/request.js:1048:10)
44 verbose stack     at emitOne (events.js:96:13)
44 verbose stack     at Request.emit (events.js:188:7)
44 verbose stack     at IncomingMessage.<anonymous> (/home/ubuntu/.nvm/versions/node/v6.11.2/lib/node_modules/npm/node_modules/request/request.js:969:12)
45 verbose statusCode 403
46 verbose pkgid drag-tracker
47 verbose cwd /home/ubuntu/workspace
48 error Linux 4.9.80-c9
49 error argv "/home/ubuntu/.nvm/versions/node/v6.11.2/bin/node" "/home/ubuntu/.nvm/versions/node/v6.11.2/bin/npm" "publish"
50 error node v6.11.2
51 error npm  v3.10.10
52 error code E403
53 error You cannot publish over the previously published versions: 0.4.3. : drag-tracker
54 error If you need help, you may report this error at:
54 error     <https://github.com/npm/npm/issues>
55 verbose exit [ 1, true ]
